<?xml version="1.0" encoding="UTF-8"?>
<!-- Generated by org.testng.reporters.JUnitXMLReporter -->
<testsuite hostname="PP-IN-LAP-13" name="Test" tests="1" failures="0" timestamp="24 Jan 2019 12:54:10 GMT" time="222.611" errors="0">
  <testcase name="@AfterTest Logout" time="0.0" classname="Test.TestController">
    <failure type="java.lang.NullPointerException">
      <![CDATA[java.lang.NullPointerException
	at Test.TestController.Logout(TestController.java:293)
... Removed 22 stack frames]]>
    </failure>
  </testcase> <!-- @AfterTest Logout -->
  <testcase name="TestCase" time="222.574" classname="Test.TestController"/>
</testsuite> <!-- Test -->
